#
# There is insufficient memory for the Java Runtime Environment to continue.
# Native memory allocation (malloc) failed to allocate 1048576 bytes for AllocateHeap
# Possible reasons:
#   The system is out of physical RAM or swap space
#   The process is running with CompressedOops enabled, and the Java Heap may be blocking the growth of the native heap
# Possible solutions:
#   Reduce memory load on the system
#   Increase physical memory or swap space
#   Check if swap backing store is full
#   Decrease Java heap size (-Xmx/-Xms)
#   Decrease number of Java threads
#   Decrease Java thread stack sizes (-Xss)
#   Set larger code cache with -XX:ReservedCodeCacheSize=
#   JVM is running with Unscaled Compressed Oops mode in which the Java heap is
#     placed in the first 4GB address space. The Java Heap base address is the
#     maximum limit for the native heap growth. Please use -XX:HeapBaseMinAddress
#     to set the Java Heap base and to place the Java Heap above 4GB virtual address.
# This output file may be truncated or incomplete.
#
#  Out of Memory Error (allocation.cpp:44), pid=22524, tid=18420
#
# JRE version:  (17.0.5+8) (build )
# Java VM: OpenJDK 64-Bit Server VM (17.0.5+8, mixed mode, sharing, tiered, compressed oops, compressed class ptrs, g1 gc, windows-amd64)
# No core dump will be written. Minidumps are not enabled by default on client versions of Windows
#

---------------  S U M M A R Y ------------

Command Line: -Dfile.encoding=utf8 c:\Users\yoshio\.vscode\extensions\vscjava.vscode-gradle-3.14.1\lib\gradle-language-server.jar

Host: Intel(R) Core(TM) i7-8700 CPU @ 3.20GHz, 12 cores, 15G,  Windows 10 , 64 bit Build 19041 (10.0.19041.3636)
Time: Sun Jun 30 11:18:30 2024  Windows 10 , 64 bit Build 19041 (10.0.19041.3636) elapsed time: 0.036399 seconds (0d 0h 0m 0s)

---------------  T H R E A D  ---------------

Current thread (0x000001a4d97112a0):  JavaThread "Unknown thread" [_thread_in_vm, id=18420, stack(0x0000003115200000,0x0000003115300000)]

Stack: [0x0000003115200000,0x0000003115300000]
Native frames: (J=compiled Java code, j=interpreted, Vv=VM code, C=native code)
V  [jvm.dll+0x676b3a]
V  [jvm.dll+0x831444]
V  [jvm.dll+0x832bee]
V  [jvm.dll+0x833253]
V  [jvm.dll+0x244ce5]
V  [jvm.dll+0xa631f]
V  [jvm.dll+0x2d6804]
V  [jvm.dll+0x8030ec]
V  [jvm.dll+0x368bb1]
V  [jvm.dll+0x7e265c]
V  [jvm.dll+0x3eb17f]
V  [jvm.dll+0x3eccc1]
C  [jli.dll+0x5267]
C  [ucrtbase.dll+0x21bb2]
C  [KERNEL32.DLL+0x17344]
C  [ntdll.dll+0x4cc91]


---------------  P R O C E S S  ---------------

Threads class SMR info:
_java_thread_list=0x00007ffa32302f18, length=0, elements={
}

Java Threads: ( => current thread )

Other Threads:

=>0x000001a4d97112a0 (exited) JavaThread "Unknown thread" [_thread_in_vm, id=18420, stack(0x0000003115200000,0x0000003115300000)]

Threads with active compile tasks:

VM state: not at safepoint (not fully initialized)

VM Mutex/Monitor currently owned by a thread: None

Heap address: 0x0000000000000000, size: 0 MB, Compressed Oops mode: 32-bit

CDS archive(s) mapped at: [0x0000000000000000-0x0000000000000000-0x0000000000000000), size 0, SharedBaseAddress: 0x0000000800000000, ArchiveRelocationMode: 0.
Narrow klass base: 0x0000000000000000, Narrow klass shift: 0, Narrow klass range: 0x0

GC Precious Log:
<Empty>

GC Heap History (0 events):
No events

Dll operation events (1 events):
Event: 0.016 Loaded shared library C:\Program Files\java\17\bin\java.dll

Deoptimization events (0 events):
No events

Classes unloaded (0 events):
No events

Classes redefined (0 events):
No events

Internal exceptions (0 events):
No events

VM Operations (0 events):
No events

Events (0 events):
No events


Dynamic libraries:
0x00007ff6a3590000 - 0x00007ff6a359e000 	C:\Program Files\java\17\bin\java.exe
0x00007ffac2330000 - 0x00007ffac2528000 	C:\WINDOWS\SYSTEM32\ntdll.dll
0x00007ffac1980000 - 0x00007ffac1a3d000 	C:\WINDOWS\System32\KERNEL32.DLL
0x00007ffabfd80000 - 0x00007ffac0076000 	C:\WINDOWS\System32\KERNELBASE.dll
0x00007ffa55c40000 - 0x00007ffa55c59000 	C:\Program Files\java\17\bin\VCRUNTIME140.dll
0x00007ffa55c60000 - 0x00007ffa55c77000 	C:\Program Files\java\17\bin\jli.dll
0x00007ffabfbe0000 - 0x00007ffabfce0000 	C:\WINDOWS\System32\ucrtbase.dll
0x00007ffac17e0000 - 0x00007ffac197f000 	C:\WINDOWS\System32\USER32.dll
0x00007ffabfbb0000 - 0x00007ffabfbd2000 	C:\WINDOWS\System32\win32u.dll
0x00007ffac0fa0000 - 0x00007ffac0fcb000 	C:\WINDOWS\System32\GDI32.dll
0x00007ffabfa90000 - 0x00007ffabfba7000 	C:\WINDOWS\System32\gdi32full.dll
0x00007ffabf9f0000 - 0x00007ffabfa8d000 	C:\WINDOWS\System32\msvcp_win.dll
0x00007ffaaaea0000 - 0x00007ffaab13a000 	C:\WINDOWS\WinSxS\amd64_microsoft.windows.common-controls_6595b64144ccf1df_6.0.19041.4355_none_60b8b9eb71f62e16\COMCTL32.dll
0x00007ffac1e50000 - 0x00007ffac1eee000 	C:\WINDOWS\System32\msvcrt.dll
0x00007ffac1a40000 - 0x00007ffac1a6f000 	C:\WINDOWS\System32\IMM32.DLL
0x00007ffa49690000 - 0x00007ffa4969c000 	C:\Program Files\java\17\bin\vcruntime140_1.dll
0x00007ffa33020000 - 0x00007ffa330b1000 	C:\Program Files\java\17\bin\msvcp140.dll
0x00007ffa317f0000 - 0x00007ffa32434000 	C:\Program Files\java\17\bin\server\jvm.dll
0x00007ffac0370000 - 0x00007ffac0420000 	C:\WINDOWS\System32\ADVAPI32.dll
0x00007ffac1ef0000 - 0x00007ffac1f90000 	C:\WINDOWS\System32\sechost.dll
0x00007ffac10c0000 - 0x00007ffac11e3000 	C:\WINDOWS\System32\RPCRT4.dll
0x00007ffabfd50000 - 0x00007ffabfd77000 	C:\WINDOWS\System32\bcrypt.dll
0x00007ffaaf720000 - 0x00007ffaaf729000 	C:\WINDOWS\SYSTEM32\WSOCK32.dll
0x00007ffab6f40000 - 0x00007ffab6f67000 	C:\WINDOWS\SYSTEM32\WINMM.dll
0x00007ffab7e60000 - 0x00007ffab7e6a000 	C:\WINDOWS\SYSTEM32\VERSION.dll
0x00007ffac0fd0000 - 0x00007ffac103b000 	C:\WINDOWS\System32\WS2_32.dll
0x00007ffabd890000 - 0x00007ffabd8a2000 	C:\WINDOWS\SYSTEM32\kernel.appcore.dll
0x00007ffa475c0000 - 0x00007ffa475ca000 	C:\Program Files\java\17\bin\jimage.dll
0x00007ffaabb30000 - 0x00007ffaabd14000 	C:\WINDOWS\SYSTEM32\DBGHELP.DLL
0x00007ffaa2830000 - 0x00007ffaa2864000 	C:\WINDOWS\SYSTEM32\dbgcore.DLL
0x00007ffac0080000 - 0x00007ffac0102000 	C:\WINDOWS\System32\bcryptPrimitives.dll
0x00007ffa32ff0000 - 0x00007ffa33015000 	C:\Program Files\java\17\bin\java.dll

dbghelp: loaded successfully - version: 4.0.5 - missing functions: none
symbol engine: initialized successfully - sym options: 0x614 - pdb path: .;C:\Program Files\java\17\bin;C:\WINDOWS\SYSTEM32;C:\WINDOWS\WinSxS\amd64_microsoft.windows.common-controls_6595b64144ccf1df_6.0.19041.4355_none_60b8b9eb71f62e16;C:\Program Files\java\17\bin\server

VM Arguments:
jvm_args: -Dfile.encoding=utf8 
java_command: c:\Users\yoshio\.vscode\extensions\vscjava.vscode-gradle-3.14.1\lib\gradle-language-server.jar
java_class_path (initial): c:\Users\yoshio\.vscode\extensions\vscjava.vscode-gradle-3.14.1\lib\gradle-language-server.jar
Launcher Type: SUN_STANDARD

[Global flags]
     intx CICompilerCount                          = 4                                         {product} {ergonomic}
     uint ConcGCThreads                            = 3                                         {product} {ergonomic}
     uint G1ConcRefinementThreads                  = 10                                        {product} {ergonomic}
   size_t G1HeapRegionSize                         = 2097152                                   {product} {ergonomic}
    uintx GCDrainStackTargetSize                   = 64                                        {product} {ergonomic}
   size_t InitialHeapSize                          = 253755392                                 {product} {ergonomic}
   size_t MarkStackSize                            = 4194304                                   {product} {ergonomic}
   size_t MaxHeapSize                              = 4045406208                                {product} {ergonomic}
   size_t MinHeapDeltaBytes                        = 2097152                                   {product} {ergonomic}
   size_t MinHeapSize                              = 8388608                                   {product} {ergonomic}
    uintx NonNMethodCodeHeapSize                   = 5839372                                {pd product} {ergonomic}
    uintx NonProfiledCodeHeapSize                  = 122909434                              {pd product} {ergonomic}
    uintx ProfiledCodeHeapSize                     = 122909434                              {pd product} {ergonomic}
    uintx ReservedCodeCacheSize                    = 251658240                              {pd product} {ergonomic}
     bool SegmentedCodeCache                       = true                                      {product} {ergonomic}
   size_t SoftMaxHeapSize                          = 4045406208                             {manageable} {ergonomic}
     bool UseCompressedClassPointers               = true                           {product lp64_product} {ergonomic}
     bool UseCompressedOops                        = true                           {product lp64_product} {ergonomic}
     bool UseG1GC                                  = true                                      {product} {ergonomic}
     bool UseLargePagesIndividualAllocation        = false                                  {pd product} {ergonomic}

Logging:
Log output configuration:
 #0: stdout all=warning uptime,level,tags
 #1: stderr all=off uptime,level,tags

Environment Variables:
JAVA_HOME=C:\Program Files\java\17
PATH=C:\Windows\system32;C:\Windows;C:\Windows\System32\Wbem;C:\Windows\System32\WindowsPowerShell\v1.0\;C:\Windows\System32\OpenSSH\;C:\Program Files (x86)\Intel\Intel(R) Management Engine Components\DAL;C:\Program Files\Intel\Intel(R) Management Engine Components\DAL;C:\Program Files (x86)\NVIDIA Corporation\PhysX\Common;C:\Program Files\NVIDIA Corporation\NVIDIA NvDLISR;C:\WINDOWS\system32;C:\WINDOWS;C:\WINDOWS\System32\Wbem;C:\WINDOWS\System32\WindowsPowerShell\v1.0\;C:\WINDOWS\System32\OpenSSH\;C:\Users\yoshio\AppData\Roaming\nvm;C:\Program Files\nodejs;C:\Program Files\Git\cmd;C:\Program Files\java\17\bin;C:\Users\yoshio\AppData\Local\Android\Sdk\platform-tools;C:\Program Files\nodejs\;C:\Program Files (x86)\Windows Kits\10\Windows Performance Toolkit\;C:\PROGRA~1\JPKI;C:\xampp\php;C:\ProgramData\ComposerSetup\bin;C:\Users\yoshio\AppData\Local\Android\Sdk\tools;C:\Users\yoshio\AppData\Local\Programs\Python\Python310\Scripts\;C:\Users\yoshio\AppData\Local\Programs\Python\Python310\;C:\Users\yoshio\AppData\Local\Microsoft\WindowsApps;C:\Users\yoshio\AppData\Roaming\nvm;C:\Program Files\nodejs;C:\Users\yoshio\AppData\Roaming\npm;C:\Users\yoshio\AppData\Local\Programs\Microsoft VS Code\bin;C:\Users\yoshio\AppData\Roaming\Composer\vendor\bin
USERNAME=yoshio
OS=Windows_NT
PROCESSOR_IDENTIFIER=Intel64 Family 6 Model 158 Stepping 10, GenuineIntel
TMP=C:\Users\yoshio\AppData\Local\Temp
TEMP=C:\Users\yoshio\AppData\Local\Temp



---------------  S Y S T E M  ---------------

OS:
 Windows 10 , 64 bit Build 19041 (10.0.19041.3636)
OS uptime: 1 days 11:12 hours

CPU: total 12 (initial active 12) (6 cores per cpu, 2 threads per core) family 6 model 158 stepping 10 microcode 0xb4, cx8, cmov, fxsr, ht, mmx, 3dnowpref, sse, sse2, sse3, ssse3, sse4.1, sse4.2, popcnt, lzcnt, tsc, tscinvbit, avx, avx2, aes, erms, clmul, bmi1, bmi2, rtm, adx, fma, vzeroupper, clflush, clflushopt

Memory: 4k page, system-wide physical 15431M (2241M free)
TotalPageFile size 23104M (AvailPageFile size 46M)
current process WorkingSet (physical memory assigned to process): 9M, peak: 9M
current process commit charge ("private bytes"): 13M, peak: 14M

vm_info: OpenJDK 64-Bit Server VM (17.0.5+8) for windows-amd64 JRE (17.0.5+8), built on Oct 19 2022 04:48:13 by "temurin" with MS VC++ 16.7 (VS2019)

END.
